<?xml version="1.0" encoding="UTF-8"?>
<testng-results skipped="0" failed="0" ignored="0" total="4" passed="4">
  <reporter-output>
  </reporter-output>
  <suite name="Default suite" duration-ms="23526" started-at="2019-04-23T07:50:42Z" finished-at="2019-04-23T07:51:05Z">
    <groups>
    </groups>
    <test name="Default test" duration-ms="23526" started-at="2019-04-23T07:50:42Z" finished-at="2019-04-23T07:51:05Z">
      <class name="OnlineShoppingTest.OnlineShoppingTest">
        <test-method status="PASS" signature="startReportBeforeTest()[pri:0, instance:OnlineShoppingTest.OnlineShoppingTest@1700915]" name="startReportBeforeTest" is-config="true" duration-ms="7399" started-at="2019-04-23T07:50:42Z" finished-at="2019-04-23T07:50:49Z">
          <reporter-output>
          </reporter-output>
        </test-method> <!-- startReportBeforeTest -->
        <test-method status="PASS" signature="testRegistration()[pri:1, instance:OnlineShoppingTest.OnlineShoppingTest@1700915]" name="testRegistration" duration-ms="6044" started-at="2019-04-23T07:50:49Z" finished-at="2019-04-23T07:50:55Z">
          <reporter-output>
          </reporter-output>
        </test-method> <!-- testRegistration -->
        <test-method status="PASS" signature="getResultAfterMethod(org.testng.ITestResult)[pri:0, instance:OnlineShoppingTest.OnlineShoppingTest@1700915]" name="getResultAfterMethod" is-config="true" duration-ms="4" started-at="2019-04-23T07:50:55Z" finished-at="2019-04-23T07:50:55Z">
          <params>
            <param index="0">
              <value>
                <![CDATA[[TestResult name=testRegistration status=SUCCESS method=OnlineShoppingTest.testRegistration()[pri:1, instance:OnlineShoppingTest.OnlineShoppingTest@1700915] output={null}]]]>
              </value>
            </param>
          </params>
          <reporter-output>
          </reporter-output>
        </test-method> <!-- getResultAfterMethod -->
        <test-method status="PASS" signature="testLogin()[pri:2, instance:OnlineShoppingTest.OnlineShoppingTest@1700915]" name="testLogin" duration-ms="576" started-at="2019-04-23T07:50:55Z" finished-at="2019-04-23T07:50:56Z">
          <reporter-output>
          </reporter-output>
        </test-method> <!-- testLogin -->
        <test-method status="PASS" signature="getResultAfterMethod(org.testng.ITestResult)[pri:0, instance:OnlineShoppingTest.OnlineShoppingTest@1700915]" name="getResultAfterMethod" is-config="true" duration-ms="0" started-at="2019-04-23T07:50:56Z" finished-at="2019-04-23T07:50:56Z">
          <params>
            <param index="0">
              <value>
                <![CDATA[[TestResult name=testLogin status=SUCCESS method=OnlineShoppingTest.testLogin()[pri:2, instance:OnlineShoppingTest.OnlineShoppingTest@1700915] output={null}]]]>
              </value>
            </param>
          </params>
          <reporter-output>
          </reporter-output>
        </test-method> <!-- getResultAfterMethod -->
        <test-method status="PASS" signature="testCart()[pri:3, instance:OnlineShoppingTest.OnlineShoppingTest@1700915]" name="testCart" duration-ms="5541" started-at="2019-04-23T07:50:56Z" finished-at="2019-04-23T07:51:01Z">
          <reporter-output>
          </reporter-output>
        </test-method> <!-- testCart -->
        <test-method status="PASS" signature="getResultAfterMethod(org.testng.ITestResult)[pri:0, instance:OnlineShoppingTest.OnlineShoppingTest@1700915]" name="getResultAfterMethod" is-config="true" duration-ms="1" started-at="2019-04-23T07:51:01Z" finished-at="2019-04-23T07:51:01Z">
          <params>
            <param index="0">
              <value>
                <![CDATA[[TestResult name=testCart status=SUCCESS method=OnlineShoppingTest.testCart()[pri:3, instance:OnlineShoppingTest.OnlineShoppingTest@1700915] output={null}]]]>
              </value>
            </param>
          </params>
          <reporter-output>
          </reporter-output>
        </test-method> <!-- getResultAfterMethod -->
        <test-method status="PASS" signature="testPayment()[pri:4, instance:OnlineShoppingTest.OnlineShoppingTest@1700915]" name="testPayment" duration-ms="1230" started-at="2019-04-23T07:51:01Z" finished-at="2019-04-23T07:51:02Z">
          <reporter-output>
          </reporter-output>
        </test-method> <!-- testPayment -->
        <test-method status="PASS" signature="getResultAfterMethod(org.testng.ITestResult)[pri:0, instance:OnlineShoppingTest.OnlineShoppingTest@1700915]" name="getResultAfterMethod" is-config="true" duration-ms="1" started-at="2019-04-23T07:51:02Z" finished-at="2019-04-23T07:51:02Z">
          <params>
            <param index="0">
              <value>
                <![CDATA[[TestResult name=testPayment status=SUCCESS method=OnlineShoppingTest.testPayment()[pri:4, instance:OnlineShoppingTest.OnlineShoppingTest@1700915] output={null}]]]>
              </value>
            </param>
          </params>
          <reporter-output>
          </reporter-output>
        </test-method> <!-- getResultAfterMethod -->
        <test-method status="PASS" signature="endReportAfterTest()[pri:0, instance:OnlineShoppingTest.OnlineShoppingTest@1700915]" name="endReportAfterTest" is-config="true" duration-ms="2681" started-at="2019-04-23T07:51:02Z" finished-at="2019-04-23T07:51:05Z">
          <reporter-output>
          </reporter-output>
        </test-method> <!-- endReportAfterTest -->
      </class> <!-- OnlineShoppingTest.OnlineShoppingTest -->
    </test> <!-- Default test -->
  </suite> <!-- Default suite -->
</testng-results>
