<?xml version="1.0" encoding="UTF-8"?>
<!-- Generated by org.testng.reporters.JUnitXMLReporter -->
<testsuite hostname="BDC6-DX-3QZ1N62" ignored="0" name="Default test" tests="4" failures="0" timestamp="23 Apr 2019 07:51:05 GMT" time="23.526" errors="0">
  <testcase name="testRegistration" time="6.044" classname="OnlineShoppingTest.OnlineShoppingTest"/>
  <testcase name="testLogin" time="0.576" classname="OnlineShoppingTest.OnlineShoppingTest"/>
  <testcase name="testCart" time="5.541" classname="OnlineShoppingTest.OnlineShoppingTest"/>
  <testcase name="testPayment" time="1.23" classname="OnlineShoppingTest.OnlineShoppingTest"/>
</testsuite> <!-- Default test -->
